{"/Users/apple/Desktop/LokDarpan/packages/money/src/index.ts": {"path":"/Users/apple/Desktop/LokDarpan/packages/money/src/index.ts","all":false,"statementMap":{"16":{"start":{"line":17,"column":0},"end":{"line":17,"column":29}},"17":{"start":{"line":18,"column":0},"end":{"line":18,"column":33}},"18":{"start":{"line":19,"column":0},"end":{"line":19,"column":37}},"23":{"start":{"line":24,"column":0},"end":{"line":24,"column":20}},"24":{"start":{"line":25,"column":0},"end":{"line":25,"column":56}},"27":{"start":{"line":28,"column":0},"end":{"line":28,"column":50}},"28":{"start":{"line":29,"column":0},"end":{"line":29,"column":33}},"29":{"start":{"line":30,"column":0},"end":{"line":30,"column":47}},"30":{"start":{"line":31,"column":0},"end":{"line":31,"column":89}},"31":{"start":{"line":32,"column":0},"end":{"line":32,"column":5}},"32":{"start":{"line":33,"column":0},"end":{"line":33,"column":45}},"33":{"start":{"line":34,"column":0},"end":{"line":34,"column":59}},"34":{"start":{"line":35,"column":0},"end":{"line":35,"column":69}},"35":{"start":{"line":36,"column":0},"end":{"line":36,"column":50}},"36":{"start":{"line":37,"column":0},"end":{"line":37,"column":78}},"37":{"start":{"line":38,"column":0},"end":{"line":38,"column":56}},"38":{"start":{"line":39,"column":0},"end":{"line":39,"column":3}},"40":{"start":{"line":41,"column":0},"end":{"line":41,"column":42}},"41":{"start":{"line":42,"column":0},"end":{"line":42,"column":28}},"42":{"start":{"line":43,"column":0},"end":{"line":43,"column":3}},"44":{"start":{"line":45,"column":0},"end":{"line":45,"column":24}},"45":{"start":{"line":46,"column":0},"end":{"line":46,"column":25}},"46":{"start":{"line":47,"column":0},"end":{"line":47,"column":3}},"48":{"start":{"line":49,"column":0},"end":{"line":49,"column":47}},"49":{"start":{"line":50,"column":0},"end":{"line":50,"column":71}},"50":{"start":{"line":51,"column":0},"end":{"line":51,"column":3}},"52":{"start":{"line":53,"column":0},"end":{"line":53,"column":21}},"53":{"start":{"line":54,"column":0},"end":{"line":54,"column":22}},"54":{"start":{"line":55,"column":0},"end":{"line":55,"column":3}},"56":{"start":{"line":57,"column":0},"end":{"line":57,"column":29}},"57":{"start":{"line":58,"column":0},"end":{"line":58,"column":47}},"58":{"start":{"line":59,"column":0},"end":{"line":59,"column":3}},"65":{"start":{"line":66,"column":0},"end":{"line":66,"column":30}},"66":{"start":{"line":67,"column":0},"end":{"line":67,"column":47}},"67":{"start":{"line":68,"column":0},"end":{"line":68,"column":3}},"69":{"start":{"line":70,"column":0},"end":{"line":70,"column":37}},"70":{"start":{"line":71,"column":0},"end":{"line":71,"column":44}},"71":{"start":{"line":72,"column":0},"end":{"line":72,"column":43}},"72":{"start":{"line":73,"column":0},"end":{"line":73,"column":13}},"73":{"start":{"line":74,"column":0},"end":{"line":74,"column":3}},"75":{"start":{"line":76,"column":0},"end":{"line":76,"column":33}},"76":{"start":{"line":77,"column":0},"end":{"line":77,"column":38}},"77":{"start":{"line":78,"column":0},"end":{"line":78,"column":3}},"79":{"start":{"line":80,"column":0},"end":{"line":80,"column":21}},"80":{"start":{"line":81,"column":0},"end":{"line":81,"column":29}},"81":{"start":{"line":82,"column":0},"end":{"line":82,"column":3}},"83":{"start":{"line":84,"column":0},"end":{"line":84,"column":25}},"84":{"start":{"line":85,"column":0},"end":{"line":85,"column":27}},"85":{"start":{"line":86,"column":0},"end":{"line":86,"column":3}},"87":{"start":{"line":88,"column":0},"end":{"line":88,"column":29}},"88":{"start":{"line":89,"column":0},"end":{"line":89,"column":37}},"89":{"start":{"line":90,"column":0},"end":{"line":90,"column":52}},"90":{"start":{"line":91,"column":0},"end":{"line":91,"column":41}},"91":{"start":{"line":92,"column":0},"end":{"line":92,"column":40}},"92":{"start":{"line":93,"column":0},"end":{"line":93,"column":93}},"93":{"start":{"line":94,"column":0},"end":{"line":94,"column":3}},"99":{"start":{"line":100,"column":0},"end":{"line":100,"column":54}},"100":{"start":{"line":101,"column":0},"end":{"line":101,"column":42}},"101":{"start":{"line":102,"column":0},"end":{"line":102,"column":37}},"102":{"start":{"line":103,"column":0},"end":{"line":103,"column":34}},"103":{"start":{"line":104,"column":0},"end":{"line":104,"column":67}},"104":{"start":{"line":105,"column":0},"end":{"line":105,"column":3}},"109":{"start":{"line":110,"column":0},"end":{"line":110,"column":76}},"113":{"start":{"line":114,"column":0},"end":{"line":114,"column":37}},"114":{"start":{"line":115,"column":0},"end":{"line":115,"column":37}},"115":{"start":{"line":116,"column":0},"end":{"line":116,"column":52}},"116":{"start":{"line":117,"column":0},"end":{"line":117,"column":41}},"118":{"start":{"line":119,"column":0},"end":{"line":119,"column":27}},"119":{"start":{"line":120,"column":0},"end":{"line":120,"column":63}},"120":{"start":{"line":121,"column":0},"end":{"line":121,"column":5}},"122":{"start":{"line":123,"column":0},"end":{"line":123,"column":5}},"123":{"start":{"line":124,"column":0},"end":{"line":124,"column":39}},"124":{"start":{"line":125,"column":0},"end":{"line":125,"column":73}},"125":{"start":{"line":126,"column":0},"end":{"line":126,"column":7}},"126":{"start":{"line":127,"column":0},"end":{"line":127,"column":38}},"127":{"start":{"line":128,"column":0},"end":{"line":128,"column":71}},"128":{"start":{"line":129,"column":0},"end":{"line":129,"column":7}},"129":{"start":{"line":130,"column":0},"end":{"line":130,"column":5}},"130":{"start":{"line":131,"column":0},"end":{"line":131,"column":61}},"131":{"start":{"line":132,"column":0},"end":{"line":132,"column":3}},"134":{"start":{"line":135,"column":0},"end":{"line":135,"column":63}},"135":{"start":{"line":136,"column":0},"end":{"line":136,"column":32}},"136":{"start":{"line":137,"column":0},"end":{"line":137,"column":54}},"137":{"start":{"line":138,"column":0},"end":{"line":138,"column":93}},"138":{"start":{"line":139,"column":0},"end":{"line":139,"column":3}},"141":{"start":{"line":142,"column":0},"end":{"line":142,"column":53}},"142":{"start":{"line":143,"column":0},"end":{"line":143,"column":77}},"143":{"start":{"line":144,"column":0},"end":{"line":144,"column":54}},"144":{"start":{"line":145,"column":0},"end":{"line":145,"column":3}},"146":{"start":{"line":147,"column":0},"end":{"line":147,"column":20}},"147":{"start":{"line":148,"column":0},"end":{"line":148,"column":34}},"148":{"start":{"line":149,"column":0},"end":{"line":149,"column":3}},"149":{"start":{"line":150,"column":0},"end":{"line":150,"column":1}}},"s":{"16":1,"17":1,"18":1,"23":1,"24":1,"27":1,"28":1042,"29":1042,"30":10,"31":10,"32":1032,"33":1042,"34":1042,"35":1042,"36":1042,"37":1042,"38":1042,"40":1,"41":0,"42":0,"44":1,"45":2,"46":2,"48":1,"49":1,"50":1,"52":1,"53":5,"54":5,"56":1,"57":1002,"58":1002,"65":1,"66":2,"67":2,"69":1,"70":3,"71":3,"72":1,"73":1,"75":1,"76":1,"77":1,"79":1,"80":1,"81":1,"83":1,"84":1,"85":1,"87":1,"88":5,"89":5,"90":5,"91":5,"92":5,"93":5,"99":1,"100":19,"101":4,"102":4,"103":4,"104":4,"109":1,"113":19,"114":19,"115":19,"116":19,"118":19,"119":4,"120":4,"122":15,"123":19,"124":11,"125":11,"126":19,"127":3,"128":3,"129":19,"130":1,"131":1,"134":1,"135":14,"136":14,"137":14,"138":14,"141":1,"142":2,"143":2,"144":2,"146":1,"147":2,"148":2,"149":1},"branchMap":{"0":{"type":"branch","line":25,"loc":{"start":{"line":25,"column":39},"end":{"line":25,"column":54}},"locations":[{"start":{"line":25,"column":39},"end":{"line":25,"column":54}}]},"1":{"type":"branch","line":25,"loc":{"start":{"line":25,"column":2},"end":{"line":25,"column":56}},"locations":[{"start":{"line":25,"column":2},"end":{"line":25,"column":56}}]},"2":{"type":"branch","line":28,"loc":{"start":{"line":28,"column":9},"end":{"line":39,"column":3}},"locations":[{"start":{"line":28,"column":9},"end":{"line":39,"column":3}}]},"3":{"type":"branch","line":30,"loc":{"start":{"line":30,"column":46},"end":{"line":32,"column":5}},"locations":[{"start":{"line":30,"column":46},"end":{"line":32,"column":5}}]},"4":{"type":"branch","line":32,"loc":{"start":{"line":32,"column":4},"end":{"line":34,"column":32}},"locations":[{"start":{"line":32,"column":4},"end":{"line":34,"column":32}}]},"5":{"type":"branch","line":34,"loc":{"start":{"line":34,"column":21},"end":{"line":34,"column":51}},"locations":[{"start":{"line":34,"column":21},"end":{"line":34,"column":51}}]},"6":{"type":"branch","line":34,"loc":{"start":{"line":34,"column":47},"end":{"line":34,"column":59}},"locations":[{"start":{"line":34,"column":47},"end":{"line":34,"column":59}}]},"7":{"type":"branch","line":38,"loc":{"start":{"line":38,"column":21},"end":{"line":38,"column":45}},"locations":[{"start":{"line":38,"column":21},"end":{"line":38,"column":45}}]},"8":{"type":"branch","line":38,"loc":{"start":{"line":38,"column":33},"end":{"line":38,"column":54}},"locations":[{"start":{"line":38,"column":33},"end":{"line":38,"column":54}}]},"9":{"type":"branch","line":45,"loc":{"start":{"line":45,"column":9},"end":{"line":47,"column":3}},"locations":[{"start":{"line":45,"column":9},"end":{"line":47,"column":3}}]},"10":{"type":"branch","line":49,"loc":{"start":{"line":49,"column":9},"end":{"line":51,"column":3}},"locations":[{"start":{"line":49,"column":9},"end":{"line":51,"column":3}}]},"11":{"type":"branch","line":50,"loc":{"start":{"line":50,"column":18},"end":{"line":50,"column":57}},"locations":[{"start":{"line":50,"column":18},"end":{"line":50,"column":57}}]},"12":{"type":"branch","line":53,"loc":{"start":{"line":53,"column":2},"end":{"line":55,"column":3}},"locations":[{"start":{"line":53,"column":2},"end":{"line":55,"column":3}}]},"13":{"type":"branch","line":57,"loc":{"start":{"line":57,"column":2},"end":{"line":59,"column":3}},"locations":[{"start":{"line":57,"column":2},"end":{"line":59,"column":3}}]},"14":{"type":"branch","line":66,"loc":{"start":{"line":66,"column":2},"end":{"line":68,"column":3}},"locations":[{"start":{"line":66,"column":2},"end":{"line":68,"column":3}}]},"15":{"type":"branch","line":70,"loc":{"start":{"line":70,"column":2},"end":{"line":74,"column":3}},"locations":[{"start":{"line":70,"column":2},"end":{"line":74,"column":3}}]},"16":{"type":"branch","line":71,"loc":{"start":{"line":71,"column":34},"end":{"line":71,"column":44}},"locations":[{"start":{"line":71,"column":34},"end":{"line":71,"column":44}}]},"17":{"type":"branch","line":71,"loc":{"start":{"line":71,"column":42},"end":{"line":72,"column":34}},"locations":[{"start":{"line":71,"column":42},"end":{"line":72,"column":34}}]},"18":{"type":"branch","line":72,"loc":{"start":{"line":72,"column":34},"end":{"line":74,"column":3}},"locations":[{"start":{"line":72,"column":34},"end":{"line":74,"column":3}}]},"19":{"type":"branch","line":76,"loc":{"start":{"line":76,"column":2},"end":{"line":78,"column":3}},"locations":[{"start":{"line":76,"column":2},"end":{"line":78,"column":3}}]},"20":{"type":"branch","line":80,"loc":{"start":{"line":80,"column":2},"end":{"line":82,"column":3}},"locations":[{"start":{"line":80,"column":2},"end":{"line":82,"column":3}}]},"21":{"type":"branch","line":84,"loc":{"start":{"line":84,"column":2},"end":{"line":86,"column":3}},"locations":[{"start":{"line":84,"column":2},"end":{"line":86,"column":3}}]},"22":{"type":"branch","line":88,"loc":{"start":{"line":88,"column":2},"end":{"line":94,"column":3}},"locations":[{"start":{"line":88,"column":2},"end":{"line":94,"column":3}}]},"23":{"type":"branch","line":90,"loc":{"start":{"line":90,"column":16},"end":{"line":90,"column":41}},"locations":[{"start":{"line":90,"column":16},"end":{"line":90,"column":41}}]},"24":{"type":"branch","line":93,"loc":{"start":{"line":93,"column":14},"end":{"line":93,"column":31}},"locations":[{"start":{"line":93,"column":14},"end":{"line":93,"column":31}}]},"25":{"type":"branch","line":100,"loc":{"start":{"line":100,"column":17},"end":{"line":105,"column":3}},"locations":[{"start":{"line":100,"column":17},"end":{"line":105,"column":3}}]},"26":{"type":"branch","line":101,"loc":{"start":{"line":101,"column":28},"end":{"line":101,"column":42}},"locations":[{"start":{"line":101,"column":28},"end":{"line":101,"column":42}}]},"27":{"type":"branch","line":101,"loc":{"start":{"line":101,"column":35},"end":{"line":105,"column":3}},"locations":[{"start":{"line":101,"column":35},"end":{"line":105,"column":3}}]},"28":{"type":"branch","line":110,"loc":{"start":{"line":110,"column":2},"end":{"line":132,"column":3}},"locations":[{"start":{"line":110,"column":2},"end":{"line":132,"column":3}}]},"29":{"type":"branch","line":115,"loc":{"start":{"line":115,"column":17},"end":{"line":115,"column":34}},"locations":[{"start":{"line":115,"column":17},"end":{"line":115,"column":34}}]},"30":{"type":"branch","line":115,"loc":{"start":{"line":115,"column":28},"end":{"line":115,"column":37}},"locations":[{"start":{"line":115,"column":28},"end":{"line":115,"column":37}}]},"31":{"type":"branch","line":116,"loc":{"start":{"line":116,"column":16},"end":{"line":116,"column":41}},"locations":[{"start":{"line":116,"column":16},"end":{"line":116,"column":41}}]},"32":{"type":"branch","line":116,"loc":{"start":{"line":116,"column":33},"end":{"line":116,"column":52}},"locations":[{"start":{"line":116,"column":33},"end":{"line":116,"column":52}}]},"33":{"type":"branch","line":119,"loc":{"start":{"line":119,"column":26},"end":{"line":121,"column":5}},"locations":[{"start":{"line":119,"column":26},"end":{"line":121,"column":5}}]},"34":{"type":"branch","line":121,"loc":{"start":{"line":121,"column":4},"end":{"line":124,"column":38}},"locations":[{"start":{"line":121,"column":4},"end":{"line":124,"column":38}}]},"35":{"type":"branch","line":124,"loc":{"start":{"line":124,"column":38},"end":{"line":126,"column":7}},"locations":[{"start":{"line":124,"column":38},"end":{"line":126,"column":7}}]},"36":{"type":"branch","line":126,"loc":{"start":{"line":126,"column":6},"end":{"line":127,"column":37}},"locations":[{"start":{"line":126,"column":6},"end":{"line":127,"column":37}}]},"37":{"type":"branch","line":127,"loc":{"start":{"line":127,"column":37},"end":{"line":129,"column":7}},"locations":[{"start":{"line":127,"column":37},"end":{"line":129,"column":7}}]},"38":{"type":"branch","line":130,"loc":{"start":{"line":130,"column":4},"end":{"line":132,"column":3}},"locations":[{"start":{"line":130,"column":4},"end":{"line":132,"column":3}}]},"39":{"type":"branch","line":135,"loc":{"start":{"line":135,"column":17},"end":{"line":139,"column":3}},"locations":[{"start":{"line":135,"column":17},"end":{"line":139,"column":3}}]},"40":{"type":"branch","line":142,"loc":{"start":{"line":142,"column":2},"end":{"line":145,"column":3}},"locations":[{"start":{"line":142,"column":2},"end":{"line":145,"column":3}}]},"41":{"type":"branch","line":147,"loc":{"start":{"line":147,"column":2},"end":{"line":149,"column":3}},"locations":[{"start":{"line":147,"column":2},"end":{"line":149,"column":3}}]}},"b":{"0":[2038],"1":[2038],"2":[1042],"3":[10],"4":[1032],"5":[4],"6":[1028],"7":[4],"8":[1028],"9":[2],"10":[1],"11":[1000],"12":[5],"13":[1002],"14":[2],"15":[3],"16":[1],"17":[2],"18":[1],"19":[1],"20":[1],"21":[1],"22":[5],"23":[0],"24":[0],"25":[19],"26":[15],"27":[4],"28":[19],"29":[2],"30":[17],"31":[2],"32":[17],"33":[4],"34":[15],"35":[11],"36":[4],"37":[3],"38":[1],"39":[14],"40":[2],"41":[2]},"fnMap":{"0":{"name":"<instance_members_initializer>","decl":{"start":{"line":25,"column":39},"end":{"line":25,"column":54}},"loc":{"start":{"line":25,"column":39},"end":{"line":25,"column":54}},"line":25},"1":{"name":"Money","decl":{"start":{"line":25,"column":2},"end":{"line":25,"column":56}},"loc":{"start":{"line":25,"column":2},"end":{"line":25,"column":56}},"line":25},"2":{"name":"fromDecimalString","decl":{"start":{"line":28,"column":9},"end":{"line":39,"column":3}},"loc":{"start":{"line":28,"column":9},"end":{"line":39,"column":3}},"line":28},"3":{"name":"fromPaise","decl":{"start":{"line":41,"column":9},"end":{"line":43,"column":3}},"loc":{"start":{"line":41,"column":9},"end":{"line":43,"column":3}},"line":41},"4":{"name":"zero","decl":{"start":{"line":45,"column":9},"end":{"line":47,"column":3}},"loc":{"start":{"line":45,"column":9},"end":{"line":47,"column":3}},"line":45},"5":{"name":"sum","decl":{"start":{"line":49,"column":9},"end":{"line":51,"column":3}},"loc":{"start":{"line":49,"column":9},"end":{"line":51,"column":3}},"line":49},"6":{"name":"toPaise","decl":{"start":{"line":53,"column":2},"end":{"line":55,"column":3}},"loc":{"start":{"line":53,"column":2},"end":{"line":55,"column":3}},"line":53},"7":{"name":"plus","decl":{"start":{"line":57,"column":2},"end":{"line":59,"column":3}},"loc":{"start":{"line":57,"column":2},"end":{"line":59,"column":3}},"line":57},"8":{"name":"minus","decl":{"start":{"line":66,"column":2},"end":{"line":68,"column":3}},"loc":{"start":{"line":66,"column":2},"end":{"line":68,"column":3}},"line":66},"9":{"name":"compare","decl":{"start":{"line":70,"column":2},"end":{"line":74,"column":3}},"loc":{"start":{"line":70,"column":2},"end":{"line":74,"column":3}},"line":70},"10":{"name":"equals","decl":{"start":{"line":76,"column":2},"end":{"line":78,"column":3}},"loc":{"start":{"line":76,"column":2},"end":{"line":78,"column":3}},"line":76},"11":{"name":"isZero","decl":{"start":{"line":80,"column":2},"end":{"line":82,"column":3}},"loc":{"start":{"line":80,"column":2},"end":{"line":82,"column":3}},"line":80},"12":{"name":"isNegative","decl":{"start":{"line":84,"column":2},"end":{"line":86,"column":3}},"loc":{"start":{"line":84,"column":2},"end":{"line":86,"column":3}},"line":84},"13":{"name":"toDecimalString","decl":{"start":{"line":88,"column":2},"end":{"line":94,"column":3}},"loc":{"start":{"line":88,"column":2},"end":{"line":94,"column":3}},"line":88},"14":{"name":"groupIndian","decl":{"start":{"line":100,"column":17},"end":{"line":105,"column":3}},"loc":{"start":{"line":100,"column":17},"end":{"line":105,"column":3}},"line":100},"15":{"name":"format","decl":{"start":{"line":110,"column":2},"end":{"line":132,"column":3}},"loc":{"start":{"line":110,"column":2},"end":{"line":132,"column":3}},"line":110},"16":{"name":"scaled","decl":{"start":{"line":135,"column":17},"end":{"line":139,"column":3}},"loc":{"start":{"line":135,"column":17},"end":{"line":139,"column":3}},"line":135},"17":{"name":"toAccessibleString","decl":{"start":{"line":142,"column":2},"end":{"line":145,"column":3}},"loc":{"start":{"line":142,"column":2},"end":{"line":145,"column":3}},"line":142},"18":{"name":"toJSON","decl":{"start":{"line":147,"column":2},"end":{"line":149,"column":3}},"loc":{"start":{"line":147,"column":2},"end":{"line":149,"column":3}},"line":147}},"f":{"0":2038,"1":2038,"2":1042,"3":0,"4":2,"5":1,"6":5,"7":1002,"8":2,"9":3,"10":1,"11":1,"12":1,"13":5,"14":19,"15":19,"16":14,"17":2,"18":2}}
,"/Users/apple/Desktop/LokDarpan/packages/neutrality/src/index.ts": {"path":"/Users/apple/Desktop/LokDarpan/packages/neutrality/src/index.ts","all":false,"statementMap":{"0":{"start":{"line":1,"column":0},"end":{"line":1,"column":8}},"24":{"start":{"line":25,"column":0},"end":{"line":25,"column":98}},"25":{"start":{"line":26,"column":0},"end":{"line":26,"column":32}},"28":{"start":{"line":29,"column":0},"end":{"line":29,"column":23}},"29":{"start":{"line":30,"column":0},"end":{"line":30,"column":42}},"32":{"start":{"line":33,"column":0},"end":{"line":33,"column":89}},"33":{"start":{"line":34,"column":0},"end":{"line":34,"column":40}},"34":{"start":{"line":35,"column":0},"end":{"line":35,"column":67}},"35":{"start":{"line":36,"column":0},"end":{"line":36,"column":3}},"36":{"start":{"line":37,"column":0},"end":{"line":37,"column":43}},"38":{"start":{"line":39,"column":0},"end":{"line":39,"column":33}},"39":{"start":{"line":40,"column":0},"end":{"line":40,"column":49}},"40":{"start":{"line":41,"column":0},"end":{"line":41,"column":40}},"41":{"start":{"line":42,"column":0},"end":{"line":42,"column":19}},"42":{"start":{"line":43,"column":0},"end":{"line":43,"column":16}},"43":{"start":{"line":44,"column":0},"end":{"line":44,"column":50}},"44":{"start":{"line":45,"column":0},"end":{"line":45,"column":29}},"45":{"start":{"line":46,"column":0},"end":{"line":46,"column":58}},"46":{"start":{"line":47,"column":0},"end":{"line":47,"column":20}},"47":{"start":{"line":48,"column":0},"end":{"line":48,"column":23}},"48":{"start":{"line":49,"column":0},"end":{"line":49,"column":55}},"49":{"start":{"line":50,"column":0},"end":{"line":50,"column":17}},"50":{"start":{"line":51,"column":0},"end":{"line":51,"column":20}},"51":{"start":{"line":52,"column":0},"end":{"line":52,"column":62}},"52":{"start":{"line":53,"column":0},"end":{"line":53,"column":11}},"53":{"start":{"line":54,"column":0},"end":{"line":54,"column":34}},"54":{"start":{"line":55,"column":0},"end":{"line":55,"column":7}},"55":{"start":{"line":56,"column":0},"end":{"line":56,"column":5}},"56":{"start":{"line":57,"column":0},"end":{"line":57,"column":3}},"58":{"start":{"line":59,"column":0},"end":{"line":59,"column":45}},"59":{"start":{"line":60,"column":0},"end":{"line":60,"column":26}},"60":{"start":{"line":61,"column":0},"end":{"line":61,"column":21}},"61":{"start":{"line":62,"column":0},"end":{"line":62,"column":72}},"62":{"start":{"line":63,"column":0},"end":{"line":63,"column":6}},"63":{"start":{"line":64,"column":0},"end":{"line":64,"column":45}},"64":{"start":{"line":65,"column":0},"end":{"line":65,"column":82}},"65":{"start":{"line":66,"column":0},"end":{"line":66,"column":5}},"66":{"start":{"line":67,"column":0},"end":{"line":67,"column":3}},"68":{"start":{"line":69,"column":0},"end":{"line":69,"column":49}},"69":{"start":{"line":70,"column":0},"end":{"line":70,"column":1}},"71":{"start":{"line":72,"column":0},"end":{"line":72,"column":79}},"72":{"start":{"line":73,"column":0},"end":{"line":73,"column":42}},"73":{"start":{"line":74,"column":0},"end":{"line":74,"column":1}},"88":{"start":{"line":89,"column":0},"end":{"line":89,"column":72}},"91":{"start":{"line":92,"column":0},"end":{"line":92,"column":37}},"92":{"start":{"line":93,"column":0},"end":{"line":93,"column":75}},"93":{"start":{"line":94,"column":0},"end":{"line":94,"column":3}},"94":{"start":{"line":95,"column":0},"end":{"line":95,"column":29}},"95":{"start":{"line":96,"column":0},"end":{"line":96,"column":1}}},"s":{"0":1,"24":1,"25":34,"28":34,"29":34,"32":238,"33":238,"34":238,"35":238,"36":34,"38":34,"39":102,"40":2924,"41":2924,"42":2924,"43":2957,"44":2957,"45":33,"46":33,"47":33,"48":33,"49":33,"50":33,"51":2957,"52":2957,"53":2957,"54":2957,"55":2924,"56":102,"58":34,"59":238,"60":238,"61":238,"62":238,"63":238,"64":9,"65":9,"66":238,"68":34,"69":34,"71":1,"72":22,"73":22,"88":1,"91":2,"92":1,"93":1,"94":1,"95":1},"branchMap":{"0":{"type":"branch","line":25,"loc":{"start":{"line":25,"column":7},"end":{"line":70,"column":1}},"locations":[{"start":{"line":25,"column":7},"end":{"line":70,"column":1}}]},"1":{"type":"branch","line":30,"loc":{"start":{"line":30,"column":41},"end":{"line":36,"column":3}},"locations":[{"start":{"line":30,"column":41},"end":{"line":36,"column":3}}]},"2":{"type":"branch","line":39,"loc":{"start":{"line":39,"column":32},"end":{"line":57,"column":3}},"locations":[{"start":{"line":39,"column":32},"end":{"line":57,"column":3}}]},"3":{"type":"branch","line":40,"loc":{"start":{"line":40,"column":48},"end":{"line":56,"column":5}},"locations":[{"start":{"line":40,"column":48},"end":{"line":56,"column":5}}]},"4":{"type":"branch","line":43,"loc":{"start":{"line":43,"column":15},"end":{"line":55,"column":7}},"locations":[{"start":{"line":43,"column":15},"end":{"line":55,"column":7}}]},"5":{"type":"branch","line":45,"loc":{"start":{"line":45,"column":23},"end":{"line":45,"column":29}},"locations":[{"start":{"line":45,"column":23},"end":{"line":45,"column":29}}]},"6":{"type":"branch","line":45,"loc":{"start":{"line":45,"column":23},"end":{"line":52,"column":41}},"locations":[{"start":{"line":45,"column":23},"end":{"line":52,"column":41}}]},"7":{"type":"branch","line":52,"loc":{"start":{"line":52,"column":29},"end":{"line":52,"column":46}},"locations":[{"start":{"line":52,"column":29},"end":{"line":52,"column":46}}]},"8":{"type":"branch","line":52,"loc":{"start":{"line":52,"column":42},"end":{"line":52,"column":62}},"locations":[{"start":{"line":52,"column":42},"end":{"line":52,"column":62}}]},"9":{"type":"branch","line":59,"loc":{"start":{"line":59,"column":44},"end":{"line":67,"column":3}},"locations":[{"start":{"line":59,"column":44},"end":{"line":67,"column":3}}]},"10":{"type":"branch","line":62,"loc":{"start":{"line":62,"column":32},"end":{"line":62,"column":52}},"locations":[{"start":{"line":62,"column":32},"end":{"line":62,"column":52}}]},"11":{"type":"branch","line":64,"loc":{"start":{"line":64,"column":44},"end":{"line":66,"column":5}},"locations":[{"start":{"line":64,"column":44},"end":{"line":66,"column":5}}]},"12":{"type":"branch","line":69,"loc":{"start":{"line":69,"column":15},"end":{"line":69,"column":47}},"locations":[{"start":{"line":69,"column":15},"end":{"line":69,"column":47}}]},"13":{"type":"branch","line":72,"loc":{"start":{"line":72,"column":7},"end":{"line":74,"column":1}},"locations":[{"start":{"line":72,"column":7},"end":{"line":74,"column":1}}]},"14":{"type":"branch","line":89,"loc":{"start":{"line":89,"column":7},"end":{"line":96,"column":1}},"locations":[{"start":{"line":89,"column":7},"end":{"line":96,"column":1}}]},"15":{"type":"branch","line":92,"loc":{"start":{"line":92,"column":36},"end":{"line":96,"column":1}},"locations":[{"start":{"line":92,"column":36},"end":{"line":96,"column":1}}]}},"b":{"0":[34],"1":[238],"2":[102],"3":[2924],"4":[2957],"5":[2924],"6":[33],"7":[22],"8":[11],"9":[238],"10":[0],"11":[9],"12":[31],"13":[22],"14":[2],"15":[1]},"fnMap":{"0":{"name":"scan","decl":{"start":{"line":25,"column":7},"end":{"line":70,"column":1}},"loc":{"start":{"line":25,"column":7},"end":{"line":70,"column":1}},"line":25},"1":{"name":"isNeutral","decl":{"start":{"line":72,"column":7},"end":{"line":74,"column":1}},"loc":{"start":{"line":72,"column":7},"end":{"line":74,"column":1}},"line":72},"2":{"name":"asServerText","decl":{"start":{"line":89,"column":7},"end":{"line":96,"column":1}},"loc":{"start":{"line":89,"column":7},"end":{"line":96,"column":1}},"line":89}},"f":{"0":34,"1":22,"2":2}}
,"/Users/apple/Desktop/LokDarpan/packages/neutrality/src/vocabulary.ts": {"path":"/Users/apple/Desktop/LokDarpan/packages/neutrality/src/vocabulary.ts","all":false,"statementMap":{"14":{"start":{"line":15,"column":0},"end":{"line":15,"column":89}},"19":{"start":{"line":20,"column":0},"end":{"line":20,"column":7}},"20":{"start":{"line":21,"column":0},"end":{"line":21,"column":14}},"21":{"start":{"line":22,"column":0},"end":{"line":22,"column":17}},"22":{"start":{"line":23,"column":0},"end":{"line":23,"column":16}},"23":{"start":{"line":24,"column":0},"end":{"line":24,"column":11}},"24":{"start":{"line":25,"column":0},"end":{"line":25,"column":14}},"25":{"start":{"line":26,"column":0},"end":{"line":26,"column":12}},"26":{"start":{"line":27,"column":0},"end":{"line":27,"column":12}},"27":{"start":{"line":28,"column":0},"end":{"line":28,"column":13}},"28":{"start":{"line":29,"column":0},"end":{"line":29,"column":15}},"29":{"start":{"line":30,"column":0},"end":{"line":30,"column":12}},"30":{"start":{"line":31,"column":0},"end":{"line":31,"column":12}},"31":{"start":{"line":32,"column":0},"end":{"line":32,"column":14}},"32":{"start":{"line":33,"column":0},"end":{"line":33,"column":12}},"33":{"start":{"line":34,"column":0},"end":{"line":34,"column":17}},"34":{"start":{"line":35,"column":0},"end":{"line":35,"column":14}},"35":{"start":{"line":36,"column":0},"end":{"line":36,"column":16}},"36":{"start":{"line":37,"column":0},"end":{"line":37,"column":15}},"37":{"start":{"line":38,"column":0},"end":{"line":38,"column":16}},"38":{"start":{"line":39,"column":0},"end":{"line":39,"column":19}},"39":{"start":{"line":40,"column":0},"end":{"line":40,"column":20}},"40":{"start":{"line":41,"column":0},"end":{"line":41,"column":13}},"41":{"start":{"line":42,"column":0},"end":{"line":42,"column":12}},"42":{"start":{"line":43,"column":0},"end":{"line":43,"column":14}},"43":{"start":{"line":44,"column":0},"end":{"line":44,"column":16}},"44":{"start":{"line":45,"column":0},"end":{"line":45,"column":15}},"45":{"start":{"line":46,"column":0},"end":{"line":46,"column":15}},"46":{"start":{"line":47,"column":0},"end":{"line":47,"column":12}},"47":{"start":{"line":48,"column":0},"end":{"line":48,"column":12}},"48":{"start":{"line":49,"column":0},"end":{"line":49,"column":13}},"49":{"start":{"line":50,"column":0},"end":{"line":50,"column":14}},"50":{"start":{"line":51,"column":0},"end":{"line":51,"column":15}},"51":{"start":{"line":52,"column":0},"end":{"line":52,"column":13}},"52":{"start":{"line":53,"column":0},"end":{"line":53,"column":15}},"53":{"start":{"line":54,"column":0},"end":{"line":54,"column":16}},"54":{"start":{"line":55,"column":0},"end":{"line":55,"column":13}},"55":{"start":{"line":56,"column":0},"end":{"line":56,"column":15}},"56":{"start":{"line":57,"column":0},"end":{"line":57,"column":16}},"57":{"start":{"line":58,"column":0},"end":{"line":58,"column":11}},"58":{"start":{"line":59,"column":0},"end":{"line":59,"column":13}},"59":{"start":{"line":60,"column":0},"end":{"line":60,"column":14}},"60":{"start":{"line":61,"column":0},"end":{"line":61,"column":14}},"61":{"start":{"line":62,"column":0},"end":{"line":62,"column":15}},"62":{"start":{"line":63,"column":0},"end":{"line":63,"column":17}},"63":{"start":{"line":64,"column":0},"end":{"line":64,"column":18}},"64":{"start":{"line":65,"column":0},"end":{"line":65,"column":18}},"65":{"start":{"line":66,"column":0},"end":{"line":66,"column":16}},"66":{"start":{"line":67,"column":0},"end":{"line":67,"column":17}},"67":{"start":{"line":68,"column":0},"end":{"line":68,"column":13}},"68":{"start":{"line":69,"column":0},"end":{"line":69,"column":14}},"69":{"start":{"line":70,"column":0},"end":{"line":70,"column":14}},"70":{"start":{"line":71,"column":0},"end":{"line":71,"column":15}},"71":{"start":{"line":72,"column":0},"end":{"line":72,"column":16}},"72":{"start":{"line":73,"column":0},"end":{"line":73,"column":17}},"73":{"start":{"line":74,"column":0},"end":{"line":74,"column":14}},"74":{"start":{"line":75,"column":0},"end":{"line":75,"column":14}},"75":{"start":{"line":76,"column":0},"end":{"line":76,"column":14}},"76":{"start":{"line":77,"column":0},"end":{"line":77,"column":12}},"77":{"start":{"line":78,"column":0},"end":{"line":78,"column":14}},"78":{"start":{"line":79,"column":0},"end":{"line":79,"column":15}},"79":{"start":{"line":80,"column":0},"end":{"line":80,"column":15}},"80":{"start":{"line":81,"column":0},"end":{"line":81,"column":18}},"81":{"start":{"line":82,"column":0},"end":{"line":82,"column":17}},"82":{"start":{"line":83,"column":0},"end":{"line":83,"column":4}},"83":{"start":{"line":84,"column":0},"end":{"line":84,"column":7}},"84":{"start":{"line":85,"column":0},"end":{"line":85,"column":17}},"85":{"start":{"line":86,"column":0},"end":{"line":86,"column":13}},"86":{"start":{"line":87,"column":0},"end":{"line":87,"column":11}},"87":{"start":{"line":88,"column":0},"end":{"line":88,"column":13}},"88":{"start":{"line":89,"column":0},"end":{"line":89,"column":10}},"89":{"start":{"line":90,"column":0},"end":{"line":90,"column":12}},"90":{"start":{"line":91,"column":0},"end":{"line":91,"column":13}},"91":{"start":{"line":92,"column":0},"end":{"line":92,"column":16}},"92":{"start":{"line":93,"column":0},"end":{"line":93,"column":11}},"93":{"start":{"line":94,"column":0},"end":{"line":94,"column":17}},"94":{"start":{"line":95,"column":0},"end":{"line":95,"column":17}},"95":{"start":{"line":96,"column":0},"end":{"line":96,"column":16}},"96":{"start":{"line":97,"column":0},"end":{"line":97,"column":4}},"97":{"start":{"line":98,"column":0},"end":{"line":98,"column":7}},"98":{"start":{"line":99,"column":0},"end":{"line":99,"column":17}},"99":{"start":{"line":100,"column":0},"end":{"line":100,"column":13}},"100":{"start":{"line":101,"column":0},"end":{"line":101,"column":11}},"101":{"start":{"line":102,"column":0},"end":{"line":102,"column":15}},"102":{"start":{"line":103,"column":0},"end":{"line":103,"column":13}},"103":{"start":{"line":104,"column":0},"end":{"line":104,"column":10}},"104":{"start":{"line":105,"column":0},"end":{"line":105,"column":12}},"105":{"start":{"line":106,"column":0},"end":{"line":106,"column":13}},"106":{"start":{"line":107,"column":0},"end":{"line":107,"column":11}},"107":{"start":{"line":108,"column":0},"end":{"line":108,"column":16}},"108":{"start":{"line":109,"column":0},"end":{"line":109,"column":16}},"109":{"start":{"line":110,"column":0},"end":{"line":110,"column":14}},"110":{"start":{"line":111,"column":0},"end":{"line":111,"column":4}},"111":{"start":{"line":112,"column":0},"end":{"line":112,"column":11}},"118":{"start":{"line":119,"column":0},"end":{"line":119,"column":54}},"119":{"start":{"line":120,"column":0},"end":{"line":120,"column":77}},"120":{"start":{"line":121,"column":0},"end":{"line":121,"column":67}},"121":{"start":{"line":122,"column":0},"end":{"line":122,"column":76}},"122":{"start":{"line":123,"column":0},"end":{"line":123,"column":71}},"123":{"start":{"line":124,"column":0},"end":{"line":124,"column":73}},"124":{"start":{"line":125,"column":0},"end":{"line":125,"column":31}},"125":{"start":{"line":126,"column":0},"end":{"line":126,"column":56}},"126":{"start":{"line":127,"column":0},"end":{"line":127,"column":11}},"129":{"start":{"line":130,"column":0},"end":{"line":130,"column":73}},"130":{"start":{"line":131,"column":0},"end":{"line":131,"column":39}},"131":{"start":{"line":132,"column":0},"end":{"line":132,"column":35}},"132":{"start":{"line":133,"column":0},"end":{"line":133,"column":25}},"133":{"start":{"line":134,"column":0},"end":{"line":134,"column":32}},"134":{"start":{"line":135,"column":0},"end":{"line":135,"column":48}},"135":{"start":{"line":136,"column":0},"end":{"line":136,"column":56}},"136":{"start":{"line":137,"column":0},"end":{"line":137,"column":63}},"137":{"start":{"line":138,"column":0},"end":{"line":138,"column":70}},"138":{"start":{"line":139,"column":0},"end":{"line":139,"column":11}},"148":{"start":{"line":149,"column":0},"end":{"line":149,"column":52}},"149":{"start":{"line":150,"column":0},"end":{"line":150,"column":31}},"150":{"start":{"line":151,"column":0},"end":{"line":151,"column":32}},"151":{"start":{"line":152,"column":0},"end":{"line":152,"column":33}},"152":{"start":{"line":153,"column":0},"end":{"line":153,"column":45}},"153":{"start":{"line":154,"column":0},"end":{"line":154,"column":22}},"154":{"start":{"line":155,"column":0},"end":{"line":155,"column":24}},"155":{"start":{"line":156,"column":0},"end":{"line":156,"column":27}},"156":{"start":{"line":157,"column":0},"end":{"line":157,"column":11}}},"s":{"14":1,"19":1,"20":1,"21":1,"22":1,"23":1,"24":1,"25":1,"26":1,"27":1,"28":1,"29":1,"30":1,"31":1,"32":1,"33":1,"34":1,"35":1,"36":1,"37":1,"38":1,"39":1,"40":1,"41":1,"42":1,"43":1,"44":1,"45":1,"46":1,"47":1,"48":1,"49":1,"50":1,"51":1,"52":1,"53":1,"54":1,"55":1,"56":1,"57":1,"58":1,"59":1,"60":1,"61":1,"62":1,"63":1,"64":1,"65":1,"66":1,"67":1,"68":1,"69":1,"70":1,"71":1,"72":1,"73":1,"74":1,"75":1,"76":1,"77":1,"78":1,"79":1,"80":1,"81":1,"82":1,"83":1,"84":1,"85":1,"86":1,"87":1,"88":1,"89":1,"90":1,"91":1,"92":1,"93":1,"94":1,"95":1,"96":1,"97":1,"98":1,"99":1,"100":1,"101":1,"102":1,"103":1,"104":1,"105":1,"106":1,"107":1,"108":1,"109":1,"110":1,"111":1,"118":1,"119":1,"120":1,"121":1,"122":1,"123":1,"124":1,"125":1,"126":1,"129":1,"130":1,"131":1,"132":1,"133":1,"134":1,"135":1,"136":1,"137":1,"138":1,"148":1,"149":1,"150":1,"151":1,"152":1,"153":1,"154":1,"155":1,"156":1},"branchMap":{},"b":{},"fnMap":{},"f":{}}
,"/Users/apple/Desktop/LokDarpan/services/api/src/config/index.ts": {"path":"/Users/apple/Desktop/LokDarpan/services/api/src/config/index.ts","all":false,"statementMap":{"0":{"start":{"line":1,"column":0},"end":{"line":1,"column":24}},"7":{"start":{"line":8,"column":0},"end":{"line":8,"column":31}},"8":{"start":{"line":9,"column":0},"end":{"line":9,"column":57}},"11":{"start":{"line":12,"column":0},"end":{"line":12,"column":50}},"12":{"start":{"line":13,"column":0},"end":{"line":13,"column":55}},"13":{"start":{"line":14,"column":0},"end":{"line":14,"column":43}},"15":{"start":{"line":16,"column":0},"end":{"line":16,"column":56}},"16":{"start":{"line":17,"column":0},"end":{"line":17,"column":3}},"20":{"start":{"line":21,"column":0},"end":{"line":21,"column":40}},"21":{"start":{"line":22,"column":0},"end":{"line":22,"column":48}},"22":{"start":{"line":23,"column":0},"end":{"line":23,"column":1}},"24":{"start":{"line":25,"column":0},"end":{"line":25,"column":74}},"25":{"start":{"line":26,"column":0},"end":{"line":26,"column":41}},"26":{"start":{"line":27,"column":0},"end":{"line":27,"column":46}},"27":{"start":{"line":28,"column":0},"end":{"line":28,"column":30}},"28":{"start":{"line":29,"column":0},"end":{"line":29,"column":41}},"29":{"start":{"line":30,"column":0},"end":{"line":30,"column":37}},"30":{"start":{"line":31,"column":0},"end":{"line":31,"column":48}},"31":{"start":{"line":32,"column":0},"end":{"line":32,"column":5}},"33":{"start":{"line":34,"column":0},"end":{"line":34,"column":24}},"35":{"start":{"line":36,"column":0},"end":{"line":36,"column":38}},"36":{"start":{"line":37,"column":0},"end":{"line":37,"column":68}},"37":{"start":{"line":38,"column":0},"end":{"line":38,"column":18}},"38":{"start":{"line":39,"column":0},"end":{"line":39,"column":63}},"39":{"start":{"line":40,"column":0},"end":{"line":40,"column":3}},"40":{"start":{"line":41,"column":0},"end":{"line":41,"column":36}},"41":{"start":{"line":42,"column":0},"end":{"line":42,"column":1}},"44":{"start":{"line":45,"column":0},"end":{"line":45,"column":43}}},"s":{"0":1,"7":1,"8":1,"11":1,"12":1,"13":1,"15":1,"16":1,"20":1,"21":1,"22":1,"24":1,"25":8,"26":8,"27":8,"28":8,"29":8,"30":8,"31":8,"33":8,"35":4,"36":4,"37":4,"38":4,"39":4,"40":4,"41":4,"44":1},"branchMap":{"0":{"type":"branch","line":22,"loc":{"start":{"line":22,"column":2},"end":{"line":22,"column":48}},"locations":[{"start":{"line":22,"column":2},"end":{"line":22,"column":48}}]},"1":{"type":"branch","line":25,"loc":{"start":{"line":25,"column":7},"end":{"line":42,"column":1}},"locations":[{"start":{"line":25,"column":7},"end":{"line":42,"column":1}}]},"2":{"type":"branch","line":27,"loc":{"start":{"line":27,"column":17},"end":{"line":27,"column":46}},"locations":[{"start":{"line":27,"column":17},"end":{"line":27,"column":46}}]},"3":{"type":"branch","line":28,"loc":{"start":{"line":28,"column":14},"end":{"line":28,"column":30}},"locations":[{"start":{"line":28,"column":14},"end":{"line":28,"column":30}}]},"4":{"type":"branch","line":29,"loc":{"start":{"line":29,"column":18},"end":{"line":29,"column":41}},"locations":[{"start":{"line":29,"column":18},"end":{"line":29,"column":41}}]},"5":{"type":"branch","line":34,"loc":{"start":{"line":34,"column":23},"end":{"line":42,"column":1}},"locations":[{"start":{"line":34,"column":23},"end":{"line":42,"column":1}}]},"6":{"type":"branch","line":37,"loc":{"start":{"line":37,"column":7},"end":{"line":37,"column":67}},"locations":[{"start":{"line":37,"column":7},"end":{"line":37,"column":67}}]},"7":{"type":"branch","line":37,"loc":{"start":{"line":37,"column":38},"end":{"line":37,"column":52}},"locations":[{"start":{"line":37,"column":38},"end":{"line":37,"column":52}}]}},"b":{"0":[4],"1":[8],"2":[0],"3":[3],"4":[5],"5":[4],"6":[6],"7":[0]},"fnMap":{"0":{"name":"<instance_members_initializer>","decl":{"start":{"line":22,"column":2},"end":{"line":22,"column":48}},"loc":{"start":{"line":22,"column":2},"end":{"line":22,"column":48}},"line":22},"1":{"name":"loadConfig","decl":{"start":{"line":25,"column":7},"end":{"line":42,"column":1}},"loc":{"start":{"line":25,"column":7},"end":{"line":42,"column":1}},"line":25}},"f":{"0":4,"1":8}}
,"/Users/apple/Desktop/LokDarpan/services/api/src/container/index.ts": {"path":"/Users/apple/Desktop/LokDarpan/services/api/src/container/index.ts","all":false,"statementMap":{"0":{"start":{"line":1,"column":0},"end":{"line":1,"column":80}},"1":{"start":{"line":2,"column":0},"end":{"line":2,"column":69}},"2":{"start":{"line":3,"column":0},"end":{"line":3,"column":77}},"3":{"start":{"line":4,"column":0},"end":{"line":4,"column":8}},"7":{"start":{"line":8,"column":0},"end":{"line":8,"column":72}},"16":{"start":{"line":17,"column":0},"end":{"line":17,"column":84}},"17":{"start":{"line":18,"column":0},"end":{"line":18,"column":49}},"18":{"start":{"line":19,"column":0},"end":{"line":19,"column":45}},"19":{"start":{"line":20,"column":0},"end":{"line":20,"column":74}},"20":{"start":{"line":21,"column":0},"end":{"line":21,"column":74}},"21":{"start":{"line":22,"column":0},"end":{"line":22,"column":59}},"22":{"start":{"line":23,"column":0},"end":{"line":23,"column":11}},"23":{"start":{"line":24,"column":0},"end":{"line":24,"column":1}}},"s":{"0":1,"1":1,"2":1,"3":1,"7":1,"16":1,"17":1,"18":1,"19":1,"20":1,"21":1,"22":1,"23":1},"branchMap":{"0":{"type":"branch","line":17,"loc":{"start":{"line":17,"column":7},"end":{"line":24,"column":1}},"locations":[{"start":{"line":17,"column":7},"end":{"line":24,"column":1}}]}},"b":{"0":[1]},"fnMap":{"0":{"name":"buildContainer","decl":{"start":{"line":17,"column":7},"end":{"line":24,"column":1}},"loc":{"start":{"line":17,"column":7},"end":{"line":24,"column":1}},"line":17}},"f":{"0":1}}
,"/Users/apple/Desktop/LokDarpan/services/api/src/errors/index.ts": {"path":"/Users/apple/Desktop/LokDarpan/services/api/src/errors/index.ts","all":false,"statementMap":{"4":{"start":{"line":5,"column":0},"end":{"line":5,"column":28}},"5":{"start":{"line":6,"column":0},"end":{"line":6,"column":16}},"6":{"start":{"line":7,"column":0},"end":{"line":7,"column":14}},"7":{"start":{"line":8,"column":0},"end":{"line":8,"column":17}},"8":{"start":{"line":9,"column":0},"end":{"line":9,"column":17}},"9":{"start":{"line":10,"column":0},"end":{"line":10,"column":21}},"10":{"start":{"line":11,"column":0},"end":{"line":11,"column":23}},"11":{"start":{"line":12,"column":0},"end":{"line":12,"column":13}},"12":{"start":{"line":13,"column":0},"end":{"line":13,"column":11}},"16":{"start":{"line":17,"column":0},"end":{"line":17,"column":53}},"17":{"start":{"line":18,"column":0},"end":{"line":18,"column":19}},"18":{"start":{"line":19,"column":0},"end":{"line":19,"column":17}},"19":{"start":{"line":20,"column":0},"end":{"line":20,"column":20}},"20":{"start":{"line":21,"column":0},"end":{"line":21,"column":20}},"21":{"start":{"line":22,"column":0},"end":{"line":22,"column":24}},"22":{"start":{"line":23,"column":0},"end":{"line":23,"column":26}},"23":{"start":{"line":24,"column":0},"end":{"line":24,"column":16}},"24":{"start":{"line":25,"column":0},"end":{"line":25,"column":2}},"26":{"start":{"line":27,"column":0},"end":{"line":27,"column":37}},"27":{"start":{"line":28,"column":0},"end":{"line":28,"column":45}},"28":{"start":{"line":29,"column":0},"end":{"line":29,"column":34}},"29":{"start":{"line":30,"column":0},"end":{"line":30,"column":33}},"31":{"start":{"line":32,"column":0},"end":{"line":32,"column":40}},"33":{"start":{"line":34,"column":0},"end":{"line":34,"column":86}},"34":{"start":{"line":35,"column":0},"end":{"line":35,"column":34}},"35":{"start":{"line":36,"column":0},"end":{"line":36,"column":21}},"36":{"start":{"line":37,"column":0},"end":{"line":37,"column":31}},"37":{"start":{"line":38,"column":0},"end":{"line":38,"column":39}},"38":{"start":{"line":39,"column":0},"end":{"line":39,"column":3}},"40":{"start":{"line":41,"column":0},"end":{"line":41,"column":43}},"41":{"start":{"line":42,"column":0},"end":{"line":42,"column":81}},"42":{"start":{"line":43,"column":0},"end":{"line":43,"column":3}},"43":{"start":{"line":44,"column":0},"end":{"line":44,"column":44}},"44":{"start":{"line":45,"column":0},"end":{"line":45,"column":44}},"45":{"start":{"line":46,"column":0},"end":{"line":46,"column":3}},"46":{"start":{"line":47,"column":0},"end":{"line":47,"column":1}},"61":{"start":{"line":62,"column":0},"end":{"line":62,"column":27}},"62":{"start":{"line":63,"column":0},"end":{"line":63,"column":15}},"63":{"start":{"line":64,"column":0},"end":{"line":64,"column":20}},"68":{"start":{"line":69,"column":0},"end":{"line":69,"column":3}},"69":{"start":{"line":70,"column":0},"end":{"line":70,"column":32}},"70":{"start":{"line":71,"column":0},"end":{"line":71,"column":12}},"71":{"start":{"line":72,"column":0},"end":{"line":72,"column":25}},"72":{"start":{"line":73,"column":0},"end":{"line":73,"column":81}},"73":{"start":{"line":74,"column":0},"end":{"line":74,"column":28}},"74":{"start":{"line":75,"column":0},"end":{"line":75,"column":6}},"75":{"start":{"line":76,"column":0},"end":{"line":76,"column":3}},"76":{"start":{"line":77,"column":0},"end":{"line":77,"column":86}},"77":{"start":{"line":78,"column":0},"end":{"line":78,"column":10}},"78":{"start":{"line":79,"column":0},"end":{"line":79,"column":16}},"79":{"start":{"line":80,"column":0},"end":{"line":80,"column":11}},"80":{"start":{"line":81,"column":0},"end":{"line":81,"column":14}},"81":{"start":{"line":82,"column":0},"end":{"line":82,"column":25}},"82":{"start":{"line":83,"column":0},"end":{"line":83,"column":68}},"83":{"start":{"line":84,"column":0},"end":{"line":84,"column":18}},"84":{"start":{"line":85,"column":0},"end":{"line":85,"column":8}},"85":{"start":{"line":86,"column":0},"end":{"line":86,"column":6}},"86":{"start":{"line":87,"column":0},"end":{"line":87,"column":13}},"87":{"start":{"line":88,"column":0},"end":{"line":88,"column":4}},"88":{"start":{"line":89,"column":0},"end":{"line":89,"column":1}}},"s":{"4":1,"5":1,"6":1,"7":1,"8":1,"9":1,"10":1,"11":1,"12":1,"16":1,"17":1,"18":1,"19":1,"20":1,"21":1,"22":1,"23":1,"24":1,"26":1,"27":1,"28":4,"29":4,"31":1,"33":1,"34":4,"35":4,"36":4,"37":4,"38":4,"40":1,"41":2,"42":2,"43":1,"44":2,"45":2,"46":1,"61":1,"62":4,"63":4,"68":4,"69":4,"70":4,"71":4,"72":4,"73":4,"74":4,"75":4,"76":4,"77":4,"78":4,"79":4,"80":4,"81":4,"82":4,"83":4,"84":4,"85":4,"86":4,"87":4,"88":4},"branchMap":{"0":{"type":"branch","line":28,"loc":{"start":{"line":28,"column":2},"end":{"line":32,"column":18}},"locations":[{"start":{"line":28,"column":2},"end":{"line":32,"column":18}}]},"1":{"type":"branch","line":34,"loc":{"start":{"line":34,"column":2},"end":{"line":39,"column":3}},"locations":[{"start":{"line":34,"column":2},"end":{"line":39,"column":3}}]},"2":{"type":"branch","line":41,"loc":{"start":{"line":41,"column":9},"end":{"line":43,"column":3}},"locations":[{"start":{"line":41,"column":9},"end":{"line":43,"column":3}}]},"3":{"type":"branch","line":44,"loc":{"start":{"line":44,"column":9},"end":{"line":46,"column":3}},"locations":[{"start":{"line":44,"column":9},"end":{"line":46,"column":3}}]},"4":{"type":"branch","line":62,"loc":{"start":{"line":62,"column":7},"end":{"line":89,"column":1}},"locations":[{"start":{"line":62,"column":7},"end":{"line":89,"column":1}}]},"5":{"type":"branch","line":76,"loc":{"start":{"line":76,"column":2},"end":{"line":77,"column":74}},"locations":[{"start":{"line":76,"column":2},"end":{"line":77,"column":74}}]},"6":{"type":"branch","line":77,"loc":{"start":{"line":77,"column":62},"end":{"line":77,"column":86}},"locations":[{"start":{"line":77,"column":62},"end":{"line":77,"column":86}}]}},"b":{"0":[4],"1":[4],"2":[2],"3":[2],"4":[4],"5":[0],"6":[0]},"fnMap":{"0":{"name":"<instance_members_initializer>","decl":{"start":{"line":28,"column":2},"end":{"line":32,"column":18}},"loc":{"start":{"line":28,"column":2},"end":{"line":32,"column":18}},"line":28},"1":{"name":"AppError","decl":{"start":{"line":34,"column":2},"end":{"line":39,"column":3}},"loc":{"start":{"line":34,"column":2},"end":{"line":39,"column":3}},"line":34},"2":{"name":"notFound","decl":{"start":{"line":41,"column":9},"end":{"line":43,"column":3}},"loc":{"start":{"line":41,"column":9},"end":{"line":43,"column":3}},"line":41},"3":{"name":"badRequest","decl":{"start":{"line":44,"column":9},"end":{"line":46,"column":3}},"loc":{"start":{"line":44,"column":9},"end":{"line":46,"column":3}},"line":44},"4":{"name":"toEnvelope","decl":{"start":{"line":62,"column":7},"end":{"line":89,"column":1}},"loc":{"start":{"line":62,"column":7},"end":{"line":89,"column":1}},"line":62}},"f":{"0":4,"1":4,"2":2,"3":2,"4":4}}
,"/Users/apple/Desktop/LokDarpan/services/api/src/http/server.ts": {"path":"/Users/apple/Desktop/LokDarpan/services/api/src/http/server.ts","all":false,"statementMap":{"0":{"start":{"line":1,"column":0},"end":{"line":1,"column":97}},"1":{"start":{"line":2,"column":0},"end":{"line":2,"column":41}},"3":{"start":{"line":4,"column":0},"end":{"line":4,"column":57}},"4":{"start":{"line":5,"column":0},"end":{"line":5,"column":59}},"5":{"start":{"line":6,"column":0},"end":{"line":6,"column":58}},"6":{"start":{"line":7,"column":0},"end":{"line":7,"column":72}},"13":{"start":{"line":14,"column":0},"end":{"line":14,"column":73}},"14":{"start":{"line":15,"column":0},"end":{"line":15,"column":51}},"15":{"start":{"line":16,"column":0},"end":{"line":16,"column":51}},"17":{"start":{"line":18,"column":0},"end":{"line":18,"column":70}},"20":{"start":{"line":21,"column":0},"end":{"line":21,"column":78}},"21":{"start":{"line":22,"column":0},"end":{"line":22,"column":73}},"22":{"start":{"line":23,"column":0},"end":{"line":23,"column":31}},"24":{"start":{"line":25,"column":0},"end":{"line":25,"column":59}},"25":{"start":{"line":26,"column":0},"end":{"line":26,"column":29}},"26":{"start":{"line":27,"column":0},"end":{"line":27,"column":58}},"27":{"start":{"line":28,"column":0},"end":{"line":28,"column":34}},"28":{"start":{"line":29,"column":0},"end":{"line":29,"column":77}},"29":{"start":{"line":30,"column":0},"end":{"line":30,"column":9}},"30":{"start":{"line":31,"column":0},"end":{"line":31,"column":36}},"31":{"start":{"line":32,"column":0},"end":{"line":32,"column":74}},"32":{"start":{"line":33,"column":0},"end":{"line":33,"column":6}},"34":{"start":{"line":35,"column":0},"end":{"line":35,"column":42}},"35":{"start":{"line":36,"column":0},"end":{"line":36,"column":68}},"37":{"start":{"line":38,"column":0},"end":{"line":38,"column":75}},"38":{"start":{"line":39,"column":0},"end":{"line":39,"column":75}},"39":{"start":{"line":40,"column":0},"end":{"line":40,"column":25}},"40":{"start":{"line":41,"column":0},"end":{"line":41,"column":6}},"42":{"start":{"line":43,"column":0},"end":{"line":43,"column":56}},"43":{"start":{"line":44,"column":0},"end":{"line":44,"column":22}},"44":{"start":{"line":45,"column":0},"end":{"line":45,"column":13}},"45":{"start":{"line":46,"column":0},"end":{"line":46,"column":5}},"46":{"start":{"line":47,"column":0},"end":{"line":47,"column":1}},"48":{"start":{"line":49,"column":0},"end":{"line":49,"column":22}},"49":{"start":{"line":50,"column":0},"end":{"line":50,"column":23}},"50":{"start":{"line":51,"column":0},"end":{"line":51,"column":33}},"51":{"start":{"line":52,"column":0},"end":{"line":52,"column":17}},"52":{"start":{"line":53,"column":0},"end":{"line":53,"column":21}},"53":{"start":{"line":54,"column":0},"end":{"line":54,"column":58}},"54":{"start":{"line":55,"column":0},"end":{"line":55,"column":28}},"56":{"start":{"line":57,"column":0},"end":{"line":57,"column":80}},"59":{"start":{"line":60,"column":0},"end":{"line":60,"column":49}},"60":{"start":{"line":61,"column":0},"end":{"line":61,"column":27}},"61":{"start":{"line":62,"column":0},"end":{"line":62,"column":67}},"62":{"start":{"line":63,"column":0},"end":{"line":63,"column":3}},"64":{"start":{"line":65,"column":0},"end":{"line":65,"column":62}},"65":{"start":{"line":66,"column":0},"end":{"line":66,"column":35}},"66":{"start":{"line":67,"column":0},"end":{"line":67,"column":80}},"67":{"start":{"line":68,"column":0},"end":{"line":68,"column":12}},"68":{"start":{"line":69,"column":0},"end":{"line":69,"column":11}},"69":{"start":{"line":70,"column":0},"end":{"line":70,"column":86}},"70":{"start":{"line":71,"column":0},"end":{"line":71,"column":6}},"71":{"start":{"line":72,"column":0},"end":{"line":72,"column":3}},"73":{"start":{"line":74,"column":0},"end":{"line":74,"column":40}},"74":{"start":{"line":75,"column":0},"end":{"line":75,"column":1}}},"s":{"0":1,"1":1,"3":1,"4":1,"5":1,"6":1,"13":1,"14":1,"15":1,"17":1,"20":9,"21":9,"22":9,"24":9,"25":9,"26":9,"27":9,"28":9,"29":9,"30":9,"31":9,"32":9,"34":9,"35":4,"37":4,"38":4,"39":4,"40":4,"42":9,"43":5,"44":9,"45":1,"46":1,"48":9,"49":9,"50":9,"51":9,"52":9,"53":9,"54":9,"56":9,"59":9,"60":9,"61":1,"62":1,"64":5,"65":9,"66":5,"67":2,"68":2,"69":2,"70":2,"71":2,"73":0,"74":0},"branchMap":{"0":{"type":"branch","line":14,"loc":{"start":{"line":14,"column":7},"end":{"line":47,"column":1}},"locations":[{"start":{"line":14,"column":7},"end":{"line":47,"column":1}}]},"1":{"type":"branch","line":18,"loc":{"start":{"line":18,"column":9},"end":{"line":46,"column":3}},"locations":[{"start":{"line":18,"column":9},"end":{"line":46,"column":3}}]},"2":{"type":"branch","line":21,"loc":{"start":{"line":21,"column":49},"end":{"line":21,"column":60}},"locations":[{"start":{"line":21,"column":49},"end":{"line":21,"column":60}}]},"3":{"type":"branch","line":21,"loc":{"start":{"line":21,"column":60},"end":{"line":21,"column":76}},"locations":[{"start":{"line":21,"column":60},"end":{"line":21,"column":76}}]},"4":{"type":"branch","line":22,"loc":{"start":{"line":22,"column":54},"end":{"line":22,"column":70}},"locations":[{"start":{"line":22,"column":54},"end":{"line":22,"column":70}}]},"5":{"type":"branch","line":25,"loc":{"start":{"line":25,"column":10},"end":{"line":33,"column":6}},"locations":[{"start":{"line":25,"column":10},"end":{"line":33,"column":6}}]},"6":{"type":"branch","line":29,"loc":{"start":{"line":29,"column":36},"end":{"line":29,"column":66}},"locations":[{"start":{"line":29,"column":36},"end":{"line":29,"column":66}}]},"7":{"type":"branch","line":29,"loc":{"start":{"line":29,"column":42},"end":{"line":29,"column":77}},"locations":[{"start":{"line":29,"column":42},"end":{"line":29,"column":77}}]},"8":{"type":"branch","line":35,"loc":{"start":{"line":35,"column":10},"end":{"line":41,"column":6}},"locations":[{"start":{"line":35,"column":10},"end":{"line":41,"column":6}}]},"9":{"type":"branch","line":38,"loc":{"start":{"line":38,"column":25},"end":{"line":38,"column":75}},"locations":[{"start":{"line":38,"column":25},"end":{"line":38,"column":75}}]},"10":{"type":"branch","line":43,"loc":{"start":{"line":43,"column":40},"end":{"line":45,"column":7}},"locations":[{"start":{"line":43,"column":40},"end":{"line":45,"column":7}}]},"11":{"type":"branch","line":49,"loc":{"start":{"line":49,"column":0},"end":{"line":75,"column":1}},"locations":[{"start":{"line":49,"column":0},"end":{"line":75,"column":1}}]},"12":{"type":"branch","line":54,"loc":{"start":{"line":54,"column":26},"end":{"line":54,"column":38}},"locations":[{"start":{"line":54,"column":26},"end":{"line":54,"column":38}}]},"13":{"type":"branch","line":57,"loc":{"start":{"line":57,"column":28},"end":{"line":57,"column":80}},"locations":[{"start":{"line":57,"column":28},"end":{"line":57,"column":80}}]},"14":{"type":"branch","line":57,"loc":{"start":{"line":57,"column":78},"end":{"line":60,"column":25}},"locations":[{"start":{"line":57,"column":78},"end":{"line":60,"column":25}}]},"15":{"type":"branch","line":60,"loc":{"start":{"line":60,"column":25},"end":{"line":60,"column":49}},"locations":[{"start":{"line":60,"column":25},"end":{"line":60,"column":49}}]},"16":{"type":"branch","line":60,"loc":{"start":{"line":60,"column":47},"end":{"line":61,"column":26}},"locations":[{"start":{"line":60,"column":47},"end":{"line":61,"column":26}}]},"17":{"type":"branch","line":61,"loc":{"start":{"line":61,"column":26},"end":{"line":63,"column":3}},"locations":[{"start":{"line":61,"column":26},"end":{"line":63,"column":3}}]},"18":{"type":"branch","line":63,"loc":{"start":{"line":63,"column":2},"end":{"line":66,"column":23}},"locations":[{"start":{"line":63,"column":2},"end":{"line":66,"column":23}}]},"19":{"type":"branch","line":66,"loc":{"start":{"line":66,"column":34},"end":{"line":72,"column":3}},"locations":[{"start":{"line":66,"column":34},"end":{"line":72,"column":3}}]},"20":{"type":"branch","line":67,"loc":{"start":{"line":67,"column":78},"end":{"line":72,"column":3}},"locations":[{"start":{"line":67,"column":78},"end":{"line":72,"column":3}}]},"21":{"type":"branch","line":72,"loc":{"start":{"line":72,"column":2},"end":{"line":75,"column":1}},"locations":[{"start":{"line":72,"column":2},"end":{"line":75,"column":1}}]}},"b":{"0":[1],"1":[9],"2":[1],"3":[8],"4":[0],"5":[9],"6":[5],"7":[4],"8":[4],"9":[0],"10":[5],"11":[9],"12":[0],"13":[1],"14":[8],"15":[2],"16":[6],"17":[1],"18":[5],"19":[5],"20":[2],"21":[0]},"fnMap":{"0":{"name":"createApiServer","decl":{"start":{"line":14,"column":7},"end":{"line":47,"column":1}},"loc":{"start":{"line":14,"column":7},"end":{"line":47,"column":1}},"line":14},"1":{"name":"send","decl":{"start":{"line":25,"column":10},"end":{"line":33,"column":6}},"loc":{"start":{"line":25,"column":10},"end":{"line":33,"column":6}},"line":25},"2":{"name":"fail","decl":{"start":{"line":35,"column":10},"end":{"line":41,"column":6}},"loc":{"start":{"line":35,"column":10},"end":{"line":41,"column":6}},"line":35},"3":{"name":"handle","decl":{"start":{"line":49,"column":0},"end":{"line":75,"column":1}},"loc":{"start":{"line":49,"column":0},"end":{"line":75,"column":1}},"line":49}},"f":{"0":1,"1":9,"2":4,"3":9}}
,"/Users/apple/Desktop/LokDarpan/services/api/src/logging/logger.ts": {"path":"/Users/apple/Desktop/LokDarpan/services/api/src/logging/logger.ts","all":false,"statementMap":{"17":{"start":{"line":18,"column":0},"end":{"line":18,"column":43}},"19":{"start":{"line":20,"column":0},"end":{"line":20,"column":95}},"25":{"start":{"line":26,"column":0},"end":{"line":26,"column":26}},"26":{"start":{"line":27,"column":0},"end":{"line":27,"column":13}},"27":{"start":{"line":28,"column":0},"end":{"line":28,"column":10}},"28":{"start":{"line":29,"column":0},"end":{"line":29,"column":11}},"29":{"start":{"line":30,"column":0},"end":{"line":30,"column":11}},"30":{"start":{"line":31,"column":0},"end":{"line":31,"column":12}},"31":{"start":{"line":32,"column":0},"end":{"line":32,"column":18}},"32":{"start":{"line":33,"column":0},"end":{"line":33,"column":11}},"33":{"start":{"line":34,"column":0},"end":{"line":34,"column":10}},"34":{"start":{"line":35,"column":0},"end":{"line":35,"column":6}},"35":{"start":{"line":36,"column":0},"end":{"line":36,"column":13}},"36":{"start":{"line":37,"column":0},"end":{"line":37,"column":8}},"37":{"start":{"line":38,"column":0},"end":{"line":38,"column":8}},"38":{"start":{"line":39,"column":0},"end":{"line":39,"column":13}},"39":{"start":{"line":40,"column":0},"end":{"line":40,"column":14}},"40":{"start":{"line":41,"column":0},"end":{"line":41,"column":10}},"41":{"start":{"line":42,"column":0},"end":{"line":42,"column":3}},"43":{"start":{"line":44,"column":0},"end":{"line":44,"column":64}},"44":{"start":{"line":45,"column":0},"end":{"line":45,"column":43}},"45":{"start":{"line":46,"column":0},"end":{"line":46,"column":49}},"46":{"start":{"line":47,"column":0},"end":{"line":47,"column":62}},"47":{"start":{"line":48,"column":0},"end":{"line":48,"column":3}},"48":{"start":{"line":49,"column":0},"end":{"line":49,"column":13}},"49":{"start":{"line":50,"column":0},"end":{"line":50,"column":1}},"51":{"start":{"line":52,"column":0},"end":{"line":52,"column":49}},"52":{"start":{"line":53,"column":0},"end":{"line":53,"column":14}},"53":{"start":{"line":54,"column":0},"end":{"line":54,"column":40}},"54":{"start":{"line":55,"column":0},"end":{"line":55,"column":43}},"55":{"start":{"line":56,"column":0},"end":{"line":56,"column":90}},"56":{"start":{"line":57,"column":0},"end":{"line":57,"column":6}},"58":{"start":{"line":59,"column":0},"end":{"line":59,"column":55}},"59":{"start":{"line":60,"column":0},"end":{"line":60,"column":74}},"60":{"start":{"line":61,"column":0},"end":{"line":61,"column":3}},"62":{"start":{"line":63,"column":0},"end":{"line":63,"column":38}},"63":{"start":{"line":64,"column":0},"end":{"line":64,"column":88}},"64":{"start":{"line":65,"column":0},"end":{"line":65,"column":3}},"66":{"start":{"line":67,"column":0},"end":{"line":67,"column":42}},"67":{"start":{"line":68,"column":0},"end":{"line":68,"column":30}},"68":{"start":{"line":69,"column":0},"end":{"line":69,"column":3}},"69":{"start":{"line":70,"column":0},"end":{"line":70,"column":41}},"70":{"start":{"line":71,"column":0},"end":{"line":71,"column":29}},"71":{"start":{"line":72,"column":0},"end":{"line":72,"column":3}},"72":{"start":{"line":73,"column":0},"end":{"line":73,"column":41}},"73":{"start":{"line":74,"column":0},"end":{"line":74,"column":29}},"74":{"start":{"line":75,"column":0},"end":{"line":75,"column":3}},"75":{"start":{"line":76,"column":0},"end":{"line":76,"column":42}},"76":{"start":{"line":77,"column":0},"end":{"line":77,"column":30}},"77":{"start":{"line":78,"column":0},"end":{"line":78,"column":3}},"79":{"start":{"line":80,"column":0},"end":{"line":80,"column":79}},"80":{"start":{"line":81,"column":0},"end":{"line":81,"column":52}},"81":{"start":{"line":82,"column":0},"end":{"line":82,"column":14}},"82":{"start":{"line":83,"column":0},"end":{"line":83,"column":22}},"83":{"start":{"line":84,"column":0},"end":{"line":84,"column":14}},"84":{"start":{"line":85,"column":0},"end":{"line":85,"column":16}},"85":{"start":{"line":86,"column":0},"end":{"line":86,"column":39}},"86":{"start":{"line":87,"column":0},"end":{"line":87,"column":29}},"87":{"start":{"line":88,"column":0},"end":{"line":88,"column":44}},"88":{"start":{"line":89,"column":0},"end":{"line":89,"column":9}},"89":{"start":{"line":90,"column":0},"end":{"line":90,"column":6}},"90":{"start":{"line":91,"column":0},"end":{"line":91,"column":3}},"91":{"start":{"line":92,"column":0},"end":{"line":92,"column":1}}},"s":{"17":1,"19":1,"25":1,"26":1,"27":1,"28":1,"29":1,"30":1,"31":1,"32":1,"33":1,"34":1,"35":1,"36":1,"37":1,"38":1,"39":1,"40":1,"41":1,"43":6,"44":6,"45":6,"46":7,"47":7,"48":6,"49":6,"51":1,"52":1,"53":15,"54":15,"55":15,"56":15,"58":1,"59":1,"60":1,"62":1,"63":10,"64":10,"66":1,"67":1,"68":1,"69":1,"70":19,"71":19,"72":1,"73":1,"74":1,"75":1,"76":0,"77":0,"79":1,"80":21,"81":4,"82":4,"83":4,"84":4,"85":4,"86":4,"87":21,"88":21,"89":21,"90":21,"91":1},"branchMap":{"0":{"type":"branch","line":44,"loc":{"start":{"line":44,"column":0},"end":{"line":50,"column":1}},"locations":[{"start":{"line":44,"column":0},"end":{"line":50,"column":1}}]},"1":{"type":"branch","line":46,"loc":{"start":{"line":46,"column":48},"end":{"line":48,"column":3}},"locations":[{"start":{"line":46,"column":48},"end":{"line":48,"column":3}}]},"2":{"type":"branch","line":47,"loc":{"start":{"line":47,"column":41},"end":{"line":47,"column":60}},"locations":[{"start":{"line":47,"column":41},"end":{"line":47,"column":60}}]},"3":{"type":"branch","line":47,"loc":{"start":{"line":47,"column":45},"end":{"line":47,"column":62}},"locations":[{"start":{"line":47,"column":45},"end":{"line":47,"column":62}}]},"4":{"type":"branch","line":54,"loc":{"start":{"line":54,"column":21},"end":{"line":56,"column":53}},"locations":[{"start":{"line":54,"column":21},"end":{"line":56,"column":53}}]},"5":{"type":"branch","line":53,"loc":{"start":{"line":53,"column":2},"end":{"line":57,"column":6}},"locations":[{"start":{"line":53,"column":2},"end":{"line":57,"column":6}}]},"6":{"type":"branch","line":59,"loc":{"start":{"line":59,"column":9},"end":{"line":61,"column":3}},"locations":[{"start":{"line":59,"column":9},"end":{"line":61,"column":3}}]},"7":{"type":"branch","line":63,"loc":{"start":{"line":63,"column":2},"end":{"line":65,"column":3}},"locations":[{"start":{"line":63,"column":2},"end":{"line":65,"column":3}}]},"8":{"type":"branch","line":67,"loc":{"start":{"line":67,"column":2},"end":{"line":69,"column":3}},"locations":[{"start":{"line":67,"column":2},"end":{"line":69,"column":3}}]},"9":{"type":"branch","line":70,"loc":{"start":{"line":70,"column":2},"end":{"line":72,"column":3}},"locations":[{"start":{"line":70,"column":2},"end":{"line":72,"column":3}}]},"10":{"type":"branch","line":73,"loc":{"start":{"line":73,"column":2},"end":{"line":75,"column":3}},"locations":[{"start":{"line":73,"column":2},"end":{"line":75,"column":3}}]},"11":{"type":"branch","line":80,"loc":{"start":{"line":80,"column":2},"end":{"line":91,"column":3}},"locations":[{"start":{"line":80,"column":2},"end":{"line":91,"column":3}}]},"12":{"type":"branch","line":81,"loc":{"start":{"line":81,"column":45},"end":{"line":81,"column":52}},"locations":[{"start":{"line":81,"column":45},"end":{"line":81,"column":52}}]},"13":{"type":"branch","line":81,"loc":{"start":{"line":81,"column":45},"end":{"line":88,"column":40}},"locations":[{"start":{"line":81,"column":45},"end":{"line":88,"column":40}}]},"14":{"type":"branch","line":81,"loc":{"start":{"line":81,"column":45},"end":{"line":88,"column":22}},"locations":[{"start":{"line":81,"column":45},"end":{"line":88,"column":22}}]},"15":{"type":"branch","line":88,"loc":{"start":{"line":88,"column":12},"end":{"line":88,"column":40}},"locations":[{"start":{"line":88,"column":12},"end":{"line":88,"column":40}}]},"16":{"type":"branch","line":88,"loc":{"start":{"line":88,"column":36},"end":{"line":88,"column":44}},"locations":[{"start":{"line":88,"column":36},"end":{"line":88,"column":44}}]}},"b":{"0":[6],"1":[7],"2":[5],"3":[2],"4":[15],"5":[15],"6":[1],"7":[10],"8":[1],"9":[19],"10":[1],"11":[21],"12":[17],"13":[6],"14":[4],"15":[2],"16":[2]},"fnMap":{"0":{"name":"redact","decl":{"start":{"line":44,"column":0},"end":{"line":50,"column":1}},"loc":{"start":{"line":44,"column":0},"end":{"line":50,"column":1}},"line":44},"1":{"name":"<instance_members_initializer>","decl":{"start":{"line":54,"column":21},"end":{"line":56,"column":53}},"loc":{"start":{"line":54,"column":21},"end":{"line":56,"column":53}},"line":54},"2":{"name":"StructuredLogger","decl":{"start":{"line":53,"column":2},"end":{"line":57,"column":6}},"loc":{"start":{"line":53,"column":2},"end":{"line":57,"column":6}},"line":53},"3":{"name":"sink","decl":{"start":{"line":56,"column":21},"end":{"line":56,"column":90}},"loc":{"start":{"line":56,"column":21},"end":{"line":56,"column":90}},"line":56},"4":{"name":"fromConfig","decl":{"start":{"line":59,"column":9},"end":{"line":61,"column":3}},"loc":{"start":{"line":59,"column":9},"end":{"line":61,"column":3}},"line":59},"5":{"name":"child","decl":{"start":{"line":63,"column":2},"end":{"line":65,"column":3}},"loc":{"start":{"line":63,"column":2},"end":{"line":65,"column":3}},"line":63},"6":{"name":"debug","decl":{"start":{"line":67,"column":2},"end":{"line":69,"column":3}},"loc":{"start":{"line":67,"column":2},"end":{"line":69,"column":3}},"line":67},"7":{"name":"info","decl":{"start":{"line":70,"column":2},"end":{"line":72,"column":3}},"loc":{"start":{"line":70,"column":2},"end":{"line":72,"column":3}},"line":70},"8":{"name":"warn","decl":{"start":{"line":73,"column":2},"end":{"line":75,"column":3}},"loc":{"start":{"line":73,"column":2},"end":{"line":75,"column":3}},"line":73},"9":{"name":"error","decl":{"start":{"line":76,"column":2},"end":{"line":78,"column":3}},"loc":{"start":{"line":76,"column":2},"end":{"line":78,"column":3}},"line":76},"10":{"name":"write","decl":{"start":{"line":80,"column":2},"end":{"line":91,"column":3}},"loc":{"start":{"line":80,"column":2},"end":{"line":91,"column":3}},"line":80}},"f":{"0":6,"1":15,"2":15,"3":0,"4":1,"5":10,"6":1,"7":19,"8":1,"9":0,"10":21}}
,"/Users/apple/Desktop/LokDarpan/services/api/src/modules/projects/project.repository.ts": {"path":"/Users/apple/Desktop/LokDarpan/services/api/src/modules/projects/project.repository.ts","all":false,"statementMap":{"0":{"start":{"line":1,"column":0},"end":{"line":1,"column":46}},"2":{"start":{"line":3,"column":0},"end":{"line":3,"column":49}},"3":{"start":{"line":4,"column":0},"end":{"line":4,"column":49}},"21":{"start":{"line":22,"column":0},"end":{"line":22,"column":66}},"28":{"start":{"line":29,"column":0},"end":{"line":29,"column":13}},"29":{"start":{"line":30,"column":0},"end":{"line":30,"column":69}},"30":{"start":{"line":31,"column":0},"end":{"line":31,"column":72}},"31":{"start":{"line":32,"column":0},"end":{"line":32,"column":85}},"32":{"start":{"line":33,"column":0},"end":{"line":33,"column":5}},"34":{"start":{"line":35,"column":0},"end":{"line":35,"column":65}},"36":{"start":{"line":37,"column":0},"end":{"line":37,"column":49}},"37":{"start":{"line":38,"column":0},"end":{"line":38,"column":34}},"38":{"start":{"line":39,"column":0},"end":{"line":39,"column":15}},"39":{"start":{"line":40,"column":0},"end":{"line":40,"column":63}},"40":{"start":{"line":41,"column":0},"end":{"line":41,"column":72}},"41":{"start":{"line":42,"column":0},"end":{"line":42,"column":5}},"42":{"start":{"line":43,"column":0},"end":{"line":43,"column":32}},"43":{"start":{"line":44,"column":0},"end":{"line":44,"column":3}},"44":{"start":{"line":45,"column":0},"end":{"line":45,"column":1}}},"s":{"0":1,"2":1,"3":1,"21":1,"28":1,"29":1,"30":1,"31":1,"32":1,"34":1,"36":1,"37":4,"38":4,"39":2,"40":2,"41":2,"42":2,"43":2,"44":1},"branchMap":{"0":{"type":"branch","line":35,"loc":{"start":{"line":35,"column":2},"end":{"line":35,"column":65}},"locations":[{"start":{"line":35,"column":2},"end":{"line":35,"column":65}}]},"1":{"type":"branch","line":37,"loc":{"start":{"line":37,"column":2},"end":{"line":44,"column":3}},"locations":[{"start":{"line":37,"column":2},"end":{"line":44,"column":3}}]},"2":{"type":"branch","line":39,"loc":{"start":{"line":39,"column":14},"end":{"line":44,"column":3}},"locations":[{"start":{"line":39,"column":14},"end":{"line":44,"column":3}}]}},"b":{"0":[5],"1":[4],"2":[2]},"fnMap":{"0":{"name":"InMemoryProjectRepository","decl":{"start":{"line":35,"column":2},"end":{"line":35,"column":65}},"loc":{"start":{"line":35,"column":2},"end":{"line":35,"column":65}},"line":35},"1":{"name":"findById","decl":{"start":{"line":37,"column":2},"end":{"line":44,"column":3}},"loc":{"start":{"line":37,"column":2},"end":{"line":44,"column":3}},"line":37}},"f":{"0":5,"1":4}}
,"/Users/apple/Desktop/LokDarpan/services/api/src/modules/projects/project.service.ts": {"path":"/Users/apple/Desktop/LokDarpan/services/api/src/modules/projects/project.service.ts","all":false,"statementMap":{"0":{"start":{"line":1,"column":0},"end":{"line":1,"column":46}},"2":{"start":{"line":3,"column":0},"end":{"line":3,"column":61}},"3":{"start":{"line":4,"column":0},"end":{"line":4,"column":49}},"6":{"start":{"line":7,"column":0},"end":{"line":7,"column":13}},"7":{"start":{"line":8,"column":0},"end":{"line":8,"column":29}},"8":{"start":{"line":9,"column":0},"end":{"line":9,"column":90}},"10":{"start":{"line":11,"column":0},"end":{"line":11,"column":60}},"12":{"start":{"line":13,"column":0},"end":{"line":13,"column":36}},"13":{"start":{"line":14,"column":0},"end":{"line":14,"column":74}},"14":{"start":{"line":15,"column":0},"end":{"line":15,"column":5}},"15":{"start":{"line":16,"column":0},"end":{"line":16,"column":62}},"16":{"start":{"line":17,"column":0},"end":{"line":17,"column":3}},"17":{"start":{"line":18,"column":0},"end":{"line":18,"column":1}}},"s":{"0":1,"2":1,"3":1,"6":1,"7":1,"8":1,"10":1,"12":5,"13":1,"14":1,"15":4,"16":4,"17":1},"branchMap":{"0":{"type":"branch","line":9,"loc":{"start":{"line":9,"column":59},"end":{"line":9,"column":88}},"locations":[{"start":{"line":9,"column":59},"end":{"line":9,"column":88}}]},"1":{"type":"branch","line":9,"loc":{"start":{"line":9,"column":2},"end":{"line":9,"column":90}},"locations":[{"start":{"line":9,"column":2},"end":{"line":9,"column":90}}]},"2":{"type":"branch","line":11,"loc":{"start":{"line":11,"column":2},"end":{"line":17,"column":3}},"locations":[{"start":{"line":11,"column":2},"end":{"line":17,"column":3}}]},"3":{"type":"branch","line":13,"loc":{"start":{"line":13,"column":35},"end":{"line":15,"column":5}},"locations":[{"start":{"line":13,"column":35},"end":{"line":15,"column":5}}]},"4":{"type":"branch","line":15,"loc":{"start":{"line":15,"column":4},"end":{"line":17,"column":3}},"locations":[{"start":{"line":15,"column":4},"end":{"line":17,"column":3}}]}},"b":{"0":[5],"1":[5],"2":[5],"3":[1],"4":[4]},"fnMap":{"0":{"name":"<instance_members_initializer>","decl":{"start":{"line":9,"column":59},"end":{"line":9,"column":88}},"loc":{"start":{"line":9,"column":59},"end":{"line":9,"column":88}},"line":9},"1":{"name":"ProjectService","decl":{"start":{"line":9,"column":2},"end":{"line":9,"column":90}},"loc":{"start":{"line":9,"column":2},"end":{"line":9,"column":90}},"line":9},"2":{"name":"getProject","decl":{"start":{"line":11,"column":2},"end":{"line":17,"column":3}},"loc":{"start":{"line":11,"column":2},"end":{"line":17,"column":3}},"line":11}},"f":{"0":5,"1":5,"2":5}}
}
